[INFO] Console - predicting pockets for proteins from dataset [model_minimized.pdb]
[INFO] PredictPocketsRoutine - outdir: /home/programas/prank/test_output/predict_model_minimized
[INFO] FeatureSetup - enabledFeatures: [chem, volsite, protrusion, bfactor, atom_table]
[INFO] Dataset - processing dataset [model_minimized.pdb] using 0 threads
[INFO] Dataset - 
------------------------------------------------------------------------------------------------------------------------
processing [model_minimized.pdb] (1/1)
------------------------------------------------------------------------------------------------------------------------

[INFO] Console - processing [model_minimized.pdb] (1/1)
[INFO] Protein - loading protein [/home/gerardo/Documentos/Gera/SyntheticBiobots/2022/Metods_2/Docking/8/Sites/model_minimized.pdb]
[INFO] PdbUtils - loading file [model_minimized.pdb]
[INFO] Struct - groups in chain A: 670
[INFO] Struct - groups in chain B: 670
[INFO] Struct - groups in chain A: 670
[INFO] Struct - 670 groups in chain A
[INFO] Struct - groups in chain B: 670
[INFO] Struct - 670 groups in chain B
[INFO] Protein - structure atoms: 21050
[INFO] Protein - protein   atoms: 10376
[INFO] Protein - ignoring ligands
[INFO] FeatureSetup - enabledFeatures: [chem, volsite, protrusion, bfactor, atom_table]
[INFO] Protein - SAS points: 15357
[INFO] Protein - exposed protein atoms: 6085 of 10376
[INFO] InstancePredictor - Creating WekaInstancePredictor
[INFO] SLinkClusterer - clustering [1294] elements
[INFO] SLinkClusterer - clusters: [id:6( 1 ), id:8( 2 ), id:14( 8 ), id:35( 2 ), id:43( 16 ), id:45( 1 ), id:48( 53 ), id:60( 3 ), id:65( 1 ), id:69( 7 ), id:70( 1 ), id:77( 3 ), id:79( 8 ), id:97( 1 ), id:107( 1 ), id:114( 1 ), id:116( 2 ), id:119( 16 ), id:134( 1 ), id:142( 2 ), id:158( 18 ), id:166( 1 ), id:208( 2 ), id:210( 1 ), id:211( 1 ), id:225( 65 ), id:238( 2 ), id:292( 1 ), id:298( 1 ), id:304( 1 ), id:325( 583 ), id:393( 7 ), id:402( 4 ), id:407( 2 ), id:433( 6 ), id:441( 5 ), id:464( 5 ), id:485( 1 ), id:516( 2 ), id:521( 4 ), id:526( 19 ), id:528( 2 ), id:529( 1 ), id:531( 2 ), id:532( 1 ), id:533( 5 ), id:653( 1 ), id:674( 1 ), id:677( 1 ), id:682( 9 ), id:691( 1 ), id:696( 1 ), id:697( 1 ), id:698( 1 ), id:700( 2 ), id:708( 1 ), id:710( 1 ), id:745( 6 ), id:749( 4 ), id:750( 3 ), id:751( 3 ), id:755( 4 ), id:762( 48 ), id:767( 1 ), id:770( 20 ), id:790( 33 ), id:811( 67 ), id:821( 1 ), id:858( 18 ), id:862( 1 ), id:863( 1 ), id:865( 1 ), id:882( 3 ), id:892( 6 ), id:894( 70 ), id:946( 1 ), id:951( 1 ), id:955( 3 ), id:956( 1 ), id:986( 2 ), id:1026( 3 ), id:1044( 3 ), id:1060( 4 ), id:1063( 4 ), id:1064( 1 ), id:1075( 1 ), id:1085( 3 ), id:1087( 6 ), id:1123( 1 ), id:1151( 4 ), id:1154( 5 ), id:1156( 1 ), id:1157( 4 ), id:1162( 1 ), id:1163( 1 ), id:1165( 2 ), id:1269( 5 ), id:1274( 43 ), id:1284( 2 ), id:1293( 10 )]
[INFO] SLinkClusterer - clusters together: 1294 / 1294
[INFO] PocketPredictor - PREDICTING POCKETS.... ====================================
[INFO] PocketPredictor - SAS POINTS: 15357
[INFO] PocketPredictor - LIGANDABLE POINTS: 1294
[INFO] PocketPredictor - CLUSTERS: 100
[INFO] PocketPredictor - FILTERED CLUSTERS: 46
[INFO] PocketPredictor - pocket 1 -  surf_atoms: 356   points: 583   score:  231.4
[INFO] PocketPredictor - pocket 2 -  surf_atoms:  78   points:  67   score:   23.8
[INFO] PocketPredictor - pocket 3 -  surf_atoms:  90   points:  70   score:   23.8
[INFO] PocketPredictor - pocket 4 -  surf_atoms:  76   points:  65   score:   21.1
[INFO] PocketPredictor - pocket 5 -  surf_atoms:  66   points:  53   score:   20.3
[INFO] PocketPredictor - pocket 6 -  surf_atoms:  48   points:  48   score:   16.5
[INFO] PocketPredictor - pocket 7 -  surf_atoms:  43   points:  43   score:   13.5
[INFO] PocketPredictor - pocket 8 -  surf_atoms:  48   points:  33   score:   10.0
[INFO] PocketPredictor - pocket 9 -  surf_atoms:  33   points:  20   score:    5.9
[INFO] PocketPredictor - pocket10 -  surf_atoms:  24   points:  18   score:    5.2
[INFO] PocketPredictor - pocket11 -  surf_atoms:  16   points:  16   score:    4.7
[INFO] PocketPredictor - pocket12 -  surf_atoms:  24   points:  19   score:    4.6
[INFO] PocketPredictor - pocket13 -  surf_atoms:  38   points:  18   score:    4.5
[INFO] PocketPredictor - pocket14 -  surf_atoms:  27   points:  16   score:    4.3
[INFO] PocketPredictor - pocket15 -  surf_atoms:  26   points:   4   score:    3.5
[INFO] PocketPredictor - pocket16 -  surf_atoms:  16   points:   8   score:    3.5
[INFO] PocketPredictor - pocket17 -  surf_atoms:  20   points:   8   score:    3.4
[INFO] PocketPredictor - pocket18 -  surf_atoms:  13   points:   9   score:    3.1
[INFO] PocketPredictor - pocket19 -  surf_atoms:  24   points:  10   score:    3.0
[INFO] PocketPredictor - pocket20 -  surf_atoms:  17   points:   6   score:    3.0
[INFO] PocketPredictor - pocket21 -  surf_atoms:  17   points:   5   score:    2.8
[INFO] PocketPredictor - pocket22 -  surf_atoms:  16   points:   5   score:    2.8
[INFO] PocketPredictor - pocket23 -  surf_atoms:  26   points:   7   score:    2.7
[INFO] PocketPredictor - pocket24 -  surf_atoms:  17   points:   6   score:    2.7
[INFO] PocketPredictor - pocket25 -  surf_atoms:  21   points:   7   score:    2.6
[INFO] PocketPredictor - pocket26 -  surf_atoms:  10   points:   6   score:    2.6
[INFO] PocketPredictor - pocket27 -  surf_atoms:  17   points:   5   score:    2.4
[INFO] PocketPredictor - pocket28 -  surf_atoms:  18   points:   5   score:    2.4
[INFO] PocketPredictor - pocket29 -  surf_atoms:  14   points:   4   score:    2.3
[INFO] PocketPredictor - pocket30 -  surf_atoms:  13   points:   5   score:    2.3
[INFO] PocketPredictor - pocket31 -  surf_atoms:   7   points:   4   score:    2.3
[INFO] PocketPredictor - pocket32 -  surf_atoms:  11   points:   3   score:    2.1
[INFO] PocketPredictor - pocket33 -  surf_atoms:  13   points:   4   score:    2.1
[INFO] PocketPredictor - pocket34 -  surf_atoms:  18   points:   4   score:    1.9
[INFO] PocketPredictor - pocket35 -  surf_atoms:   9   points:   3   score:    1.8
[INFO] PocketPredictor - pocket36 -  surf_atoms:  14   points:   4   score:    1.7
[INFO] PocketPredictor - pocket37 -  surf_atoms:  14   points:   3   score:    1.6
[INFO] PocketPredictor - pocket38 -  surf_atoms:   8   points:   3   score:    1.5
[INFO] PocketPredictor - pocket39 -  surf_atoms:  13   points:   3   score:    1.4
[INFO] PocketPredictor - pocket40 -  surf_atoms:   8   points:   3   score:    1.4
[INFO] PocketPredictor - pocket41 -  surf_atoms:  10   points:   6   score:    1.4
[INFO] PocketPredictor - pocket42 -  surf_atoms:  13   points:   3   score:    1.3
[INFO] PocketPredictor - pocket43 -  surf_atoms:  10   points:   3   score:    1.3
[INFO] PocketPredictor - pocket44 -  surf_atoms:  17   points:   4   score:    1.2
[INFO] PocketPredictor - pocket45 -  surf_atoms:   9   points:   4   score:    0.9
[INFO] PocketPredictor - pocket46 -  surf_atoms:  10   points:   3   score:    0.9
[INFO] OldPymolRenderer - copying [/home/gerardo/Documentos/Gera/SyntheticBiobots/2022/Metods_2/Docking/8/Sites/model_minimized.pdb] to [/home/programas/prank/test_output/predict_model_minimized/visualizations/data/model_minimized.pdb]
[INFO] Console - predicting pockets finished in 0 hours 0 minutes 18.238 seconds
[INFO] Console - results saved to directory [/home/programas/prank/test_output/predict_model_minimized]
[INFO] Console - 
[INFO] Console - ----------------------------------------------------------------------------------------------
[INFO] Console -  finished successfully in 0 hours 0 minutes 19.684 seconds
[INFO] Console - ----------------------------------------------------------------------------------------------
