\BOOKMARK [1][-]{section*.1}{\376\377\000I\000n\000t\000r\000o\000d\000u\000c\000t\000i\000o\000n}{}% 1
\BOOKMARK [1][-]{section.1}{\376\377\000D\000o\000c\000k\000i\000n\000g}{}% 2
\BOOKMARK [2][-]{subsection.1.1}{\376\377\000P\000n\0008\000.\0002\0006\0001\0007}{section.1}% 3
\BOOKMARK [2][-]{subsection.1.2}{\376\377\000P\000n\0002\000.\0008\0004}{section.1}% 4
\BOOKMARK [3][-]{subsubsection.1.2.1}{\376\377\000P\000r\000o\000t\000o\000p\000o\000r\000p\000h\000y\000r\000i\000n\000\040\000I\000X\000\040\000w\000i\000t\000h\000\040\000F\000e}{subsection.1.2}% 5
\BOOKMARK [3][-]{subsubsection.1.2.2}{\376\377\000C\000i\000n\000n\000a\000m\000i\000c\000\040\000a\000c\000i\000d}{subsection.1.2}% 6
\BOOKMARK [2][-]{subsection.1.3}{\376\377\000P\000n\0001\000.\0001\0003\0001\0007}{section.1}% 7
\BOOKMARK [3][-]{subsubsection.1.3.1}{\376\377\000S\000A\000M}{subsection.1.3}% 8
\BOOKMARK [3][-]{subsubsection.1.3.2}{\376\377\000C\000a\000f\000f\000e\000i\000c\000\040\000a\000c\000i\000d}{subsection.1.3}% 9
\BOOKMARK [2][-]{subsection.1.4}{\376\377\000P\000n\0003\000.\0004\0007\0007\0000}{section.1}% 10
\BOOKMARK [3][-]{subsubsection.1.4.1}{\376\377\000P\000r\000o\000t\000o\000p\000o\000r\000p\000h\000y\000r\000i\000n\000\040\000I\000X\000\040\000w\000i\000t\000h\000\040\000F\000e}{subsection.1.4}% 11
\BOOKMARK [3][-]{subsubsection.1.4.2}{\376\377\000F\000e\000r\000u\000l\000i\000c\000\040\000a\000c\000i\000d}{subsection.1.4}% 12
\BOOKMARK [2][-]{subsection.1.5}{\376\377\000P\000n\0007\000.\0001\0006\0002\0006}{section.1}% 13
\BOOKMARK [3][-]{subsubsection.1.5.1}{\376\377\000P\000r\000o\000t\000o\000p\000o\000r\000p\000h\000y\000r\000i\000n\000\040\000I\000X\000\040\000w\000i\000t\000h\000\040\000F\000e}{subsection.1.5}% 14
\BOOKMARK [3][-]{subsubsection.1.5.2}{\376\377\000F\000e\000r\000u\000l\000i\000c\000\040\000a\000c\000i\000d}{subsection.1.5}% 15
\BOOKMARK [2][-]{subsection.1.6}{\376\377\000P\000n\0001\0006\000.\0001\0002\0003\0007}{section.1}% 16
\BOOKMARK [2][-]{subsection.1.7}{\376\377\000P\000n\0001\0006\000.\0001\0001\0009\0008}{section.1}% 17
\BOOKMARK [2][-]{subsection.1.8}{\376\377\000P\000n\0004\000.\0003\0002\0002\0002}{section.1}% 18
\BOOKMARK [2][-]{subsection.1.9}{\376\377\000P\000n\0002\000.\0002\0003\0007\0007}{section.1}% 19
\BOOKMARK [2][-]{subsection.1.10}{\376\377\0002\000C\000W\000H}{section.1}% 20
\BOOKMARK [3][-]{subsubsection.1.10.1}{\376\377\000N\000A\000D\000P\000H}{subsection.1.10}% 21
\BOOKMARK [3][-]{subsubsection.1.10.2}{\376\377\000P\000i\000p\000e\000r\000i\000d\000e\000i\000n\000e}{subsection.1.10}% 22
